<?xml version="1.0" encoding="UTF-8"?>
<!-- Generated by org.testng.reporters.JUnitReportReporter -->
<testsuite hostname="DESKTOP-73G0TGN" failures="0" tests="6" name="para.GroupingClass" time="0.046" errors="0" timestamp="2023-03-26T09:13:06 IST" skipped="0">
  <testcase classname="para.GroupingClass" name="testCaseThree" time="0.007"/>
  <system-out/>
  <testcase classname="para.GroupingClass" name="testCaseOne" time="0.010"/>
  <system-out/>
  <testcase classname="para.GroupingClass" name="testCaseSix" time="0.005"/>
  <system-out/>
  <testcase classname="para.GroupingClass" name="testCaseFour" time="0.012"/>
  <system-out/>
  <testcase classname="para.GroupingClass" name="testCaseFive" time="0.006"/>
  <system-out/>
  <testcase classname="para.GroupingClass" name="testCaseTwo" time="0.006"/>
  <system-out/>
</testsuite> <!-- para.GroupingClass -->
