<?xml version="1.0" encoding="UTF-8"?>
<!-- Generated by org.testng.reporters.JUnitReportReporter -->
<testsuite hostname="DESKTOP-73G0TGN" failures="0" tests="1" name="core.DemoTestNG" time="66.135" errors="0" timestamp="2023-03-04T19:33:51 IST" skipped="0">
  <testcase classname="core.DemoTestNG" name="display" time="66.135"/>
  <system-out/>
</testsuite> <!-- core.DemoTestNG -->
