<?xml version="1.0" encoding="UTF-8"?>
<!-- Generated by org.testng.reporters.JUnitReportReporter -->
<testsuite hostname="DESKTOP-73G0TGN" failures="0" tests="2" name="core.AnnotationsClass" time="0.012" errors="0" timestamp="2023-03-19T08:51:39 IST" skipped="0">
  <testcase classname="core.AnnotationsClass" name="testCaseOne" time="0.009"/>
  <system-out/>
  <testcase classname="core.AnnotationsClass" name="testCaseTwo" time="0.003"/>
  <system-out/>
</testsuite> <!-- core.AnnotationsClass -->
