<?xml version="1.0" encoding="UTF-8"?>
<!-- Generated by org.testng.reporters.JUnitReportReporter -->
<testsuite hostname="DESKTOP-73G0TGN" failures="0" tests="2" name="para.DataProviderTest" time="0.014" errors="0" timestamp="2023-03-26T09:13:06 IST" skipped="0">
  <testcase classname="para.DataProviderTest" name="dataRead" time="0.012"/>
  <system-out/>
  <testcase classname="para.DataProviderTest" name="dataRead" time="0.002"/>
  <system-out/>
</testsuite> <!-- para.DataProviderTest -->
