<?xml version="1.0" encoding="UTF-8"?>
<!-- Generated by org.testng.reporters.JUnitReportReporter -->
<testsuite hostname="DESKTOP-73G0TGN" failures="0" tests="4" name="core.EnableAndDisable" time="20.368" errors="0" timestamp="2023-03-05T08:07:03 IST" skipped="2">
  <testcase classname="core.EnableAndDisable" name="testCaseFour" time="8.911"/>
  <system-out/>
  <testcase classname="core.EnableAndDisable" name="testCaseThree" time="11.457"/>
  <system-out/>
  <testcase classname="core.EnableAndDisable" name="testCaseTwo">
    <skipped/>
  </testcase> <!-- testCaseTwo -->
  <system-out/>
  <testcase classname="core.EnableAndDisable" name="testCaseOne">
    <skipped/>
  </testcase> <!-- testCaseOne -->
  <system-out/>
</testsuite> <!-- core.EnableAndDisable -->
