<?xml version="1.0" encoding="UTF-8"?>
<!-- Generated by org.testng.reporters.JUnitReportReporter -->
<testsuite hostname="DESKTOP-73G0TGN" failures="0" tests="4" name="core.DependsOnMethod" time="43.979" errors="0" timestamp="2023-03-05T08:49:29 IST" skipped="0">
  <testcase classname="core.DependsOnMethod" name="testCaseOne" time="17.352"/>
  <system-out/>
  <testcase classname="core.DependsOnMethod" name="testCaseFour" time="8.866"/>
  <system-out/>
  <testcase classname="core.DependsOnMethod" name="testCaseTwo" time="10.690"/>
  <system-out/>
  <testcase classname="core.DependsOnMethod" name="testCaseThree" time="7.071"/>
  <system-out/>
</testsuite> <!-- core.DependsOnMethod -->
