<?xml version="1.0" encoding="UTF-8"?>
<!-- Generated by org.testng.reporters.JUnitReportReporter -->
<testsuite hostname="DESKTOP-73G0TGN" failures="0" tests="4" name="core.LoginTest" time="100.909" errors="0" timestamp="2023-03-05T08:15:31 IST" skipped="0">
  <testcase classname="core.LoginTest" name="testCaseThree" time="20.325"/>
  <system-out/>
  <testcase classname="core.LoginTest" name="testCaseFour" time="31.346"/>
  <system-out/>
  <testcase classname="core.LoginTest" name="testCaseOne" time="12.978"/>
  <system-out/>
  <testcase classname="core.LoginTest" name="testCaseTwo" time="36.260"/>
  <system-out/>
</testsuite> <!-- core.LoginTest -->
