<?xml version="1.0" encoding="UTF-8"?>
<!-- Generated by org.testng.reporters.JUnitReportReporter -->
<testsuite hostname="DESKTOP-73G0TGN" failures="0" tests="1" name="para.ParameterClass" time="62.135" errors="0" timestamp="2023-03-26T08:10:06 IST" skipped="0">
  <testcase classname="para.ParameterClass" name="broswerMethod" time="62.135"/>
  <system-out/>
</testsuite> <!-- para.ParameterClass -->
