<?xml version="1.0" encoding="UTF-8"?>
<!-- Generated by org.testng.reporters.JUnitReportReporter -->
<testsuite hostname="DESKTOP-73G0TGN" failures="0" tests="1" name="para.Parameterization" time="63.483" errors="0" timestamp="2023-03-26T09:17:06 IST" skipped="0">
  <testcase classname="para.Parameterization" name="broswerMethod" time="63.483"/>
  <system-out/>
</testsuite> <!-- para.Parameterization -->
