<?xml version="1.0" encoding="UTF-8"?>
<!-- Generated by org.testng.reporters.JUnitReportReporter -->
<testsuite hostname="DESKTOP-73G0TGN" failures="0" tests="4" name="core.TestNGLogin" time="0.031" errors="0" timestamp="2023-03-04T19:58:41 IST" skipped="0">
  <testcase classname="core.TestNGLogin" name="testCaseFour" time="0.010"/>
  <system-out/>
  <testcase classname="core.TestNGLogin" name="testCaseOne" time="0.009"/>
  <system-out/>
  <testcase classname="core.TestNGLogin" name="testCaseThree" time="0.008"/>
  <system-out/>
  <testcase classname="core.TestNGLogin" name="testCaseTwo" time="0.004"/>
  <system-out/>
</testsuite> <!-- core.TestNGLogin -->
